INFO:__main__:Payload retrieved from database
INFO:__main__:kde payload retrieved from database
INFO:__main__:Payload retrieved from database
INFO:__main__:kde payload retrieved from database
INFO:__main__:Payload retrieved from database
INFO:__main__:kde payload retrieved from database
INFO:__main__:Dashboard updated at 2024-09-04 04:26:49.468892
INFO:dash.dash:Dash is running on http://127.0.0.1:8050/

INFO:__main__:Payload retrieved from database
INFO:__main__:kde payload retrieved from database
INFO:__main__:Dashboard updated at 2024-09-04 04:26:51.784476
INFO:__main__:------------------------------------------------------------------------------
INFO:__main__:------------------------------------------------------------------------------
INFO:__main__:Payload retrieved from database
INFO:__main__:kde payload retrieved from database
INFO:__main__:Dashboard updated at 2024-09-04 04:30:34.779842
INFO:dash.dash:Dash is running on http://127.0.0.1:8050/

INFO:__main__:Payload retrieved from database
INFO:__main__:kde payload retrieved from database
INFO:__main__:Dashboard updated at 2024-09-04 04:30:36.928328
INFO:__main__:------------------------------------------------------------------------------
INFO:__main__:------------------------------------------------------------------------------
INFO:__main__:Payload retrieved from database
INFO:__main__:kde payload retrieved from database
INFO:__main__:Dashboard updated at 2024-09-04 04:32:56.852634
INFO:dash.dash:Dash is running on http://127.0.0.1:8050/

INFO:__main__:Payload retrieved from database
INFO:__main__:kde payload retrieved from database
INFO:__main__:Dashboard updated at 2024-09-04 04:32:58.972153
INFO:__main__:------------------------------------------------------------------------------
INFO:__main__:------------------------------------------------------------------------------
